{
  "workflow_id": "workflow-1758613824468",
  "execution_state": {
    "current_step_index": 2,
    "total_steps": 3,
    "status": "Running",
    "start_time": "2025-09-23T08:11:59.772438Z",
    "last_checkpoint": "2025-09-23T08:11:59.772438Z",
    "current_iteration": null,
    "total_iterations": null
  },
  "completed_steps": [
    {
      "step_index": 0,
      "command": "claude: /prodigy-implement-spec $ARG",
      "success": true,
      "output": null,
      "captured_variables": {},
      "duration": {
        "secs": 898,
        "nanos": 2722583
      },
      "completed_at": "2025-09-23T08:05:22.508704Z"
    },
    {
      "step_index": 1,
      "command": "test: just test",
      "success": true,
      "output": null,
      "captured_variables": {},
      "duration": {
        "secs": 397,
        "nanos": 248543791
      },
      "completed_at": "2025-09-23T08:11:59.772021Z"
    }
  ],
  "variable_state": {
    "step.commits": "[{\"hash\":\"580a1f1b9c1ce0e621a0db8580927fa5daac8d30\",\"message\":\"fix: resolve test failures with functional patterns\",\"author\":\"Glen Baker\",\"timestamp\":\"2025-09-23T08:11:47Z\",\"files_changed\":[\".prodigy/checkpoints/workflow-1758613824468.checkpoint.json\",\"src/analysis/python_dead_code.rs\",\"tests/python_dead_code_test.rs\"],\"insertions\":195,\"deletions\":78,\"step_name\":\"test: just test\",\"agent_id\":null}]",
    "step.insertions": "195",
    "test.output": "STDOUT:\nRunning tests with cargo nextest...\n\n\nSTDERR:\ncargo build\nwarning: field `decorator_handlers` is never read\n   --> src/analysis/python_dead_code.rs:353:5\n    |\n350 | pub struct PythonDeadCodeDetector {\n    |            ---------------------- field in this struct\n...\n353 |     decorator_handlers: Vec<String>,\n    |     ^^^^^^^^^^^^^^^^^^\n    |\n    = note: `#[warn(dead_code)]` on by default\n\nwarning: `debtmap` (lib) generated 1 warning\n    Finished `dev` profile [unoptimized + debuginfo] target(s) in 0.28s\nSKIP_INTEGRATION_TESTS=1 cargo nextest run --lib\n   Compiling ra_ap_hir_ty v0.0.230\n   Compiling ra_ap_hir v0.0.230\n   Compiling ra_ap_ide_db v0.0.230\n   Compiling ra_ap_ide_diagnostics v0.0.230\n   Compiling ra_ap_ide_completion v0.0.230\n   Compiling ra_ap_ide_assists v0.0.230\n   Compiling ra_ap_ide_ssr v0.0.230\n   Compiling ra_ap_load-cargo v0.0.230\n   Compiling ra_ap_ide v0.0.230\n   Compiling cargo-modules v0.17.0\n   Compiling debtmap v0.2.4 (/Users/glen/.prodigy/worktrees/debtmap/session-f5e2bb15-d509-43bb-a8f3-fd5dfb5b2e7b)\nerror[E0277]: the trait bound `core::FunctionMetrics: std::default::Default` is not satisfied\n   --> src/analysis/python_dead_code.rs:651:15\n    |\n651 |             ..Default::default()\n    |               ^^^^^^^^^^^^^^^^^^ the trait `std::default::Default` is not implemented for `core::FunctionMetrics`\n    |\nhelp: consider annotating `core::FunctionMetrics` with `#[derive(Default)]`\n   --> src/core/mod.rs:42:1\n    |\n42  + #[derive(Default)]\n43  | pub struct FunctionMetrics {\n    |\n\nerror[E0277]: the trait bound `core::FunctionMetrics: std::default::Default` is not satisfied\n   --> src/analysis/python_dead_code.rs:667:15\n    |\n667 |             ..Default::default()\n    |               ^^^^^^^^^^^^^^^^^^ the trait `std::default::Default` is not implemented for `core::FunctionMetrics`\n    |\nhelp: consider annotating `core::FunctionMetrics` with `#[derive(Default)]`\n   --> src/core/mod.rs:42:1\n    |\n42  + #[derive(Default)]\n43  | pub struct FunctionMetrics {\n    |\n\nerror[E0277]: the trait bound `core::FunctionMetrics: std::default::Default` is not satisfied\n   --> src/analysis/python_dead_code.rs:675:15\n    |\n675 |             ..Default::default()\n    |               ^^^^^^^^^^^^^^^^^^ the trait `std::default::Default` is not implemented for `core::FunctionMetrics`\n    |\nhelp: consider annotating `core::FunctionMetrics` with `#[derive(Default)]`\n   --> src/core/mod.rs:42:1\n    |\n42  + #[derive(Default)]\n43  | pub struct FunctionMetrics {\n    |\n\nerror[E0277]: the trait bound `core::FunctionMetrics: std::default::Default` is not satisfied\n   --> src/analysis/python_dead_code.rs:684:15\n    |\n684 |             ..Default::default()\n    |               ^^^^^^^^^^^^^^^^^^ the trait `std::default::Default` is not implemented for `core::FunctionMetrics`\n    |\nhelp: consider annotating `core::FunctionMetrics` with `#[derive(Default)]`\n   --> src/core/mod.rs:42:1\n    |\n42  + #[derive(Default)]\n43  | pub struct FunctionMetrics {\n    |\n\nerror[E0277]: the trait bound `core::FunctionMetrics: std::default::Default` is not satisfied\n   --> src/analysis/python_dead_code.rs:697:15\n    |\n697 |             ..Default::default()\n    |               ^^^^^^^^^^^^^^^^^^ the trait `std::default::Default` is not implemented for `core::FunctionMetrics`\n    |\nhelp: consider annotating `core::FunctionMetrics` with `#[derive(Default)]`\n   --> src/core/mod.rs:42:1\n    |\n42  + #[derive(Default)]\n43  | pub struct FunctionMetrics {\n    |\n\nFor more information about this error, try `rustc --explain E0277`.\nerror: could not compile `debtmap` (lib test) due to 5 previous errors\nerror: command `/opt/homebrew/bin/cargo test --no-run --message-format json-render-diagnostics --lib` exited with code 101\nerror: Recipe `test` failed on line 58 with exit code 101\n",
    "test.exit_code": "101",
    "test.attempt": "1",
    "ARG": "104",
    "PROJECT_ROOT": "/Users/glen/.prodigy/worktrees/debtmap/session-f5e2bb15-d509-43bb-a8f3-fd5dfb5b2e7b",
    "step.deletions": "78",
    "step.files_changed": "3"
  },
  "mapreduce_state": null,
  "timestamp": "2025-09-23T08:11:59.772438Z",
  "version": 1,
  "workflow_hash": "3",
  "total_steps": 3,
  "workflow_name": "args-workflow",
  "workflow_path": "/Users/glen/memento-mori/debtmap/workflows/implement.yml",
  "retry_checkpoint_state": null,
  "variable_checkpoint_state": {
    "global_variables": {
      "test.exit_code": "101",
      "step.deletions": "78",
      "step.insertions": "195",
      "test.attempt": "1",
      "PROJECT_ROOT": "/Users/glen/.prodigy/worktrees/debtmap/session-f5e2bb15-d509-43bb-a8f3-fd5dfb5b2e7b",
      "step.commits": "[{\"hash\":\"580a1f1b9c1ce0e621a0db8580927fa5daac8d30\",\"message\":\"fix: resolve test failures with functional patterns\",\"author\":\"Glen Baker\",\"timestamp\":\"2025-09-23T08:11:47Z\",\"files_changed\":[\".prodigy/checkpoints/workflow-1758613824468.checkpoint.json\",\"src/analysis/python_dead_code.rs\",\"tests/python_dead_code_test.rs\"],\"insertions\":195,\"deletions\":78,\"step_name\":\"test: just test\",\"agent_id\":null}]",
      "step.files_changed": "3",
      "ARG": "104",
      "test.output": "STDOUT:\nRunning tests with cargo nextest...\n\n\nSTDERR:\ncargo build\nwarning: field `decorator_handlers` is never read\n   --> src/analysis/python_dead_code.rs:353:5\n    |\n350 | pub struct PythonDeadCodeDetector {\n    |            ---------------------- field in this struct\n...\n353 |     decorator_handlers: Vec<String>,\n    |     ^^^^^^^^^^^^^^^^^^\n    |\n    = note: `#[warn(dead_code)]` on by default\n\nwarning: `debtmap` (lib) generated 1 warning\n    Finished `dev` profile [unoptimized + debuginfo] target(s) in 0.28s\nSKIP_INTEGRATION_TESTS=1 cargo nextest run --lib\n   Compiling ra_ap_hir_ty v0.0.230\n   Compiling ra_ap_hir v0.0.230\n   Compiling ra_ap_ide_db v0.0.230\n   Compiling ra_ap_ide_diagnostics v0.0.230\n   Compiling ra_ap_ide_completion v0.0.230\n   Compiling ra_ap_ide_assists v0.0.230\n   Compiling ra_ap_ide_ssr v0.0.230\n   Compiling ra_ap_load-cargo v0.0.230\n   Compiling ra_ap_ide v0.0.230\n   Compiling cargo-modules v0.17.0\n   Compiling debtmap v0.2.4 (/Users/glen/.prodigy/worktrees/debtmap/session-f5e2bb15-d509-43bb-a8f3-fd5dfb5b2e7b)\nerror[E0277]: the trait bound `core::FunctionMetrics: std::default::Default` is not satisfied\n   --> src/analysis/python_dead_code.rs:651:15\n    |\n651 |             ..Default::default()\n    |               ^^^^^^^^^^^^^^^^^^ the trait `std::default::Default` is not implemented for `core::FunctionMetrics`\n    |\nhelp: consider annotating `core::FunctionMetrics` with `#[derive(Default)]`\n   --> src/core/mod.rs:42:1\n    |\n42  + #[derive(Default)]\n43  | pub struct FunctionMetrics {\n    |\n\nerror[E0277]: the trait bound `core::FunctionMetrics: std::default::Default` is not satisfied\n   --> src/analysis/python_dead_code.rs:667:15\n    |\n667 |             ..Default::default()\n    |               ^^^^^^^^^^^^^^^^^^ the trait `std::default::Default` is not implemented for `core::FunctionMetrics`\n    |\nhelp: consider annotating `core::FunctionMetrics` with `#[derive(Default)]`\n   --> src/core/mod.rs:42:1\n    |\n42  + #[derive(Default)]\n43  | pub struct FunctionMetrics {\n    |\n\nerror[E0277]: the trait bound `core::FunctionMetrics: std::default::Default` is not satisfied\n   --> src/analysis/python_dead_code.rs:675:15\n    |\n675 |             ..Default::default()\n    |               ^^^^^^^^^^^^^^^^^^ the trait `std::default::Default` is not implemented for `core::FunctionMetrics`\n    |\nhelp: consider annotating `core::FunctionMetrics` with `#[derive(Default)]`\n   --> src/core/mod.rs:42:1\n    |\n42  + #[derive(Default)]\n43  | pub struct FunctionMetrics {\n    |\n\nerror[E0277]: the trait bound `core::FunctionMetrics: std::default::Default` is not satisfied\n   --> src/analysis/python_dead_code.rs:684:15\n    |\n684 |             ..Default::default()\n    |               ^^^^^^^^^^^^^^^^^^ the trait `std::default::Default` is not implemented for `core::FunctionMetrics`\n    |\nhelp: consider annotating `core::FunctionMetrics` with `#[derive(Default)]`\n   --> src/core/mod.rs:42:1\n    |\n42  + #[derive(Default)]\n43  | pub struct FunctionMetrics {\n    |\n\nerror[E0277]: the trait bound `core::FunctionMetrics: std::default::Default` is not satisfied\n   --> src/analysis/python_dead_code.rs:697:15\n    |\n697 |             ..Default::default()\n    |               ^^^^^^^^^^^^^^^^^^ the trait `std::default::Default` is not implemented for `core::FunctionMetrics`\n    |\nhelp: consider annotating `core::FunctionMetrics` with `#[derive(Default)]`\n   --> src/core/mod.rs:42:1\n    |\n42  + #[derive(Default)]\n43  | pub struct FunctionMetrics {\n    |\n\nFor more information about this error, try `rustc --explain E0277`.\nerror: could not compile `debtmap` (lib test) due to 5 previous errors\nerror: command `/opt/homebrew/bin/cargo test --no-run --message-format json-render-diagnostics --lib` exited with code 101\nerror: Recipe `test` failed on line 58 with exit code 101\n"
    },
    "phase_variables": {},
    "computed_cache": {},
    "environment_snapshot": {
      "variables": {
        "GHOSTTY_SHELL_FEATURES": "cursor,title",
        "PAGER": "less",
        "MANPATH": "/Users/glen/.nvm/versions/node/v22.18.0/share/man::/usr/share/man:/usr/local/share/man:/Applications/Ghostty.app/Contents/Resources/ghostty/../man:",
        "PWD": "/Users/glen/memento-mori/debtmap",
        "LANG": "en_US.UTF-8",
        "SHELL": "/bin/zsh",
        "XDG_DATA_DIRS": "/usr/local/share:/usr/share:/Applications/Ghostty.app/Contents/Resources/ghostty/..",
        "EDITOR": "hx",
        "PYENV_VIRTUALENV_INIT": "1",
        "SHLVL": "1",
        "NVM_CD_FLAGS": "-q",
        "TERMINFO": "/Applications/Ghostty.app/Contents/Resources/terminfo",
        "BUN_INSTALL": "/Users/glen/.bun",
        "TERM_PROGRAM": "ghostty",
        "GHOSTTY_BIN_DIR": "/Applications/Ghostty.app/Contents/MacOS",
        "GHOSTTY_RESOURCES_DIR": "/Applications/Ghostty.app/Contents/Resources/ghostty",
        "USER": "glen",
        "INFOPATH": "/opt/homebrew/share/info:",
        "HOMEBREW_PREFIX": "/opt/homebrew",
        "PATH": "/Users/glen/.bun/bin:/Users/glen/.nvm/versions/node/v22.18.0/bin:/Users/glen/.pyenv/plugins/pyenv-virtualenv/shims:/Users/glen/.pyenv/shims:/Users/glen/.pyenv/bin:/opt/homebrew/bin:/opt/homebrew/sbin:/usr/local/bin:/System/Cryptexes/App/usr/bin:/usr/bin:/bin:/usr/sbin:/sbin:/var/run/com.apple.security.cryptexd/codex.system/bootstrap/usr/local/bin:/var/run/com.apple.security.cryptexd/codex.system/bootstrap/usr/bin:/var/run/com.apple.security.cryptexd/codex.system/bootstrap/usr/appleinternal/bin:/Library/Apple/usr/bin:/Library/Frameworks/Mono.framework/Versions/Current/Commands:/Users/glen/.cargo/bin:/Applications/Ghostty.app/Contents/MacOS:/Users/glen/.foundry/bin:/Users/glen/.antigen/bundles/robbyrussell/oh-my-zsh/lib:/Users/glen/.antigen/bundles/robbyrussell/oh-my-zsh/plugins/git:/Users/glen/.antigen/bundles/robbyrussell/oh-my-zsh/plugins/command-not-found:/Users/glen/.antigen/bundles/robbyrussell/oh-my-zsh/plugins/docker:/Users/glen/.antigen/bundles/robbyrussell/oh-my-zsh/plugins/sudo:/Users/glen/.antigen/bundles/robbyrussell/oh-my-zsh/plugins/dirhistory:/Users/glen/.antigen/bundles/robbyrussell/oh-my-zsh/plugins/history:/Users/glen/.antigen/bundles/robbyrussell/oh-my-zsh/plugins/macos:/Users/glen/.antigen/bundles/zsh-users/zsh-completions:/Users/glen/.antigen/bundles/zsh-users/zsh-autosuggestions:/Users/glen/.antigen/bundles/zsh-users/zsh-syntax-highlighting:/opt/homebrew/bin:/Users/glen/headspinio/devtools/bin:/Users/glen/headspinio/ops/bin:/usr/local/opt/mysql@5.7/bin:/Users/glen/go/bin:/Users/glen/devl/oracli/bin",
        "NVM_INC": "/Users/glen/.nvm/versions/node/v22.18.0/include/node",
        "PYENV_SHELL": "zsh",
        "XPC_FLAGS": "0x0",
        "HOMEBREW_REPOSITORY": "/opt/homebrew",
        "VISUAL": "hx",
        "COMMAND_MODE": "unix2003",
        "TERM_PROGRAM_VERSION": "1.2.0",
        "OLDPWD": "/Users/glen/memento-mori/debtmap",
        "LS_COLORS": "di=1;36:ln=35:so=32:pi=33:ex=31:bd=34;46:cd=34;43:su=30;41:sg=30;46:tw=30;42:ow=30;43",
        "HOME": "/Users/glen",
        "PYENV_ROOT": "/Users/glen/.pyenv",
        "HOMEBREW_CELLAR": "/opt/homebrew/Cellar",
        "NVM_DIR": "/Users/glen/.nvm",
        "COLORTERM": "truecolor",
        "__CFBundleIdentifier": "com.mitchellh.ghostty",
        "NVM_BIN": "/Users/glen/.nvm/versions/node/v22.18.0/bin",
        "__CF_USER_TEXT_ENCODING": "0x1F5:0x0:0x0",
        "LESS": "-R",
        "HEADSPIN_HOME": "/Users/glen/headspinio",
        "PYTHONPATH": ":/Users/glen/headspinio/devtools:/Users/glen/headspinio/platform:/Users/glen/headspinio/common:/Users/glen/headspinio/mar:/Users/glen/headspinio/reports:/Users/glen/headspinio/ops:/Users/glen/headspinio/pbox:/Users/glen/headspinio/loadtests:/Users/glen/headspinio/pushserver:/Users/glen/headspinio/product-error-codes:/Users/glen/headspinio/onpremadmin",
        "PRODIGY_ARG": "104",
        "TMPDIR": "/var/folders/fc/plw0013j1yj8dj00s3gbpdfw0000gn/T/",
        "ZSH": "/Users/glen/.oh-my-zsh",
        "XPC_SERVICE_NAME": "0",
        "LOGNAME": "glen",
        "TERM": "xterm-ghostty",
        "LSCOLORS": "Gxfxcxdxbxegedabagacad",
        "DIRHISTORY_SIZE": "30",
        "SSH_AUTH_SOCK": "/private/tmp/com.apple.launchd.ye4Ol1VMB1/Listeners",
        "_": "/usr/local/bin/prodigy"
      },
      "captured_at": "2025-09-23T08:11:59.772419Z",
      "hostname": "harley",
      "working_directory": "/Users/glen/memento-mori/debtmap"
    },
    "interpolation_history": [],
    "variable_metadata": {
      "total_variables": 9,
      "computed_variables": 0,
      "total_interpolations": 0,
      "checkpoint_version": "1.0.0"
    },
    "captured_outputs": {},
    "iteration_vars": {
      "ITERATION": "1"
    }
  }
}